<?xml version="1.0" encoding="UTF-8" ?>
<testsuite errors="1" failures="0" tests="6" name="tst_QUsb">
  <properties>
    <property value="5.15.2" name="QTestVersion"/>
    <property value="5.15.2" name="QtVersion"/>
    <property value="Qt 5.15.2 (x86_64&#x002D;little_endian&#x002D;llp64 shared (dynamic) release build; by MSVC 2019)" name="QtBuild"/>
  </properties>
  <testcase result="pass" name="initTestCase"/>
  <testcase result="pass" name="constructors"/>
  <testcase result="pass" name="assignment">
    <!-- message="***[ void __cdecl QUsb::setLogLevel(enum QUsb::LogLevel) ]***" type="qdebug" -->
  </testcase>
  <testcase result="pass" name="features"/>
  <testcase result="pass" name="staticFunctions"/>
  <testcase result="pass" name="cleanupTestCase"/>
  <system-err>
<![CDATA[***[ void __cdecl QUsb::setLogLevel(enum QUsb::LogLevel) ]***]]>
  </system-err>
</testsuite>
